running egg_info
writing ../build/prius/prius.egg-info/PKG-INFO
writing dependency_links to ../build/prius/prius.egg-info/dependency_links.txt
writing entry points to ../build/prius/prius.egg-info/entry_points.txt
writing requirements to ../build/prius/prius.egg-info/requires.txt
writing top-level names to ../build/prius/prius.egg-info/top_level.txt
reading manifest file '../build/prius/prius.egg-info/SOURCES.txt'
writing manifest file '../build/prius/prius.egg-info/SOURCES.txt'
running build
running build_py
running install
running install_lib
running install_data
running install_egg_info
removing '/home/cc/pg-ros/6_ROS2_Robotics/prius/ws/install/prius/lib/python3.8/site-packages/prius-0.0.0-py3.8.egg-info' (and everything under it)
Copying ../build/prius/prius.egg-info to /home/cc/pg-ros/6_ROS2_Robotics/prius/ws/install/prius/lib/python3.8/site-packages/prius-0.0.0-py3.8.egg-info
running install_scripts
Installing line_follower script to /home/cc/pg-ros/6_ROS2_Robotics/prius/ws/install/prius/lib/prius
Installing video_saver script to /home/cc/pg-ros/6_ROS2_Robotics/prius/ws/install/prius/lib/prius
writing list of installed files to '/home/cc/pg-ros/6_ROS2_Robotics/prius/ws/build/prius/install.log'
