[1.026s] Invoking command in '/home/cc/pg-ros/6_ROS2_Robotics/prius/ws/src': PYTHONPATH=/home/cc/pg-ros/6_ROS2_Robotics/prius/ws/install/prius/lib/python3.8/site-packages:${PYTHONPATH} /usr/bin/python3 setup.py egg_info --egg-base ../build/prius build --build-base /home/cc/pg-ros/6_ROS2_Robotics/prius/ws/build/prius/build install --prefix /home/cc/pg-ros/6_ROS2_Robotics/prius/ws/install/prius --record /home/cc/pg-ros/6_ROS2_Robotics/prius/ws/build/prius/install.log --single-version-externally-managed
[1.175s] /home/cc/.local/lib/python3.8/site-packages/setuptools/dist.py:757: UserWarning: Usage of dash-separated 'script-dir' will not be supported in future versions. Please use the underscore name 'script_dir' instead
[1.175s]   warnings.warn(
[1.175s] /home/cc/.local/lib/python3.8/site-packages/setuptools/dist.py:757: UserWarning: Usage of dash-separated 'install-scripts' will not be supported in future versions. Please use the underscore name 'install_scripts' instead
[1.175s]   warnings.warn(
[1.508s] running egg_info
[1.544s] writing ../build/prius/prius.egg-info/PKG-INFO
[1.572s] writing dependency_links to ../build/prius/prius.egg-info/dependency_links.txt
[1.657s] writing entry points to ../build/prius/prius.egg-info/entry_points.txt
[1.713s] writing requirements to ../build/prius/prius.egg-info/requires.txt
[1.740s] writing top-level names to ../build/prius/prius.egg-info/top_level.txt
[1.786s] reading manifest file '../build/prius/prius.egg-info/SOURCES.txt'
[1.786s] writing manifest file '../build/prius/prius.egg-info/SOURCES.txt'
[1.786s] running build
[1.786s] running build_py
[1.787s] running install
[1.787s] /home/cc/.local/lib/python3.8/site-packages/setuptools/command/install.py:34: SetuptoolsDeprecationWarning: setup.py install is deprecated. Use build and pip and other standards-based tools.
[1.787s]   warnings.warn(
[1.790s] running install_lib
[1.826s] running install_data
[1.834s] running install_egg_info
[1.870s] removing '/home/cc/pg-ros/6_ROS2_Robotics/prius/ws/install/prius/lib/python3.8/site-packages/prius-0.0.0-py3.8.egg-info' (and everything under it)
[1.870s] Copying ../build/prius/prius.egg-info to /home/cc/pg-ros/6_ROS2_Robotics/prius/ws/install/prius/lib/python3.8/site-packages/prius-0.0.0-py3.8.egg-info
[1.871s] running install_scripts
[1.945s] Installing line_follower script to /home/cc/pg-ros/6_ROS2_Robotics/prius/ws/install/prius/lib/prius
[1.945s] Installing video_saver script to /home/cc/pg-ros/6_ROS2_Robotics/prius/ws/install/prius/lib/prius
[1.945s] writing list of installed files to '/home/cc/pg-ros/6_ROS2_Robotics/prius/ws/build/prius/install.log'
[1.961s] Invoked command in '/home/cc/pg-ros/6_ROS2_Robotics/prius/ws/src' returned '0': PYTHONPATH=/home/cc/pg-ros/6_ROS2_Robotics/prius/ws/install/prius/lib/python3.8/site-packages:${PYTHONPATH} /usr/bin/python3 setup.py egg_info --egg-base ../build/prius build --build-base /home/cc/pg-ros/6_ROS2_Robotics/prius/ws/build/prius/build install --prefix /home/cc/pg-ros/6_ROS2_Robotics/prius/ws/install/prius --record /home/cc/pg-ros/6_ROS2_Robotics/prius/ws/build/prius/install.log --single-version-externally-managed
