running egg_info
creating ../../build/rover/rover.egg-info
writing ../../build/rover/rover.egg-info/PKG-INFO
writing dependency_links to ../../build/rover/rover.egg-info/dependency_links.txt
writing requirements to ../../build/rover/rover.egg-info/requires.txt
writing top-level names to ../../build/rover/rover.egg-info/top_level.txt
writing manifest file '../../build/rover/rover.egg-info/SOURCES.txt'
reading manifest file '../../build/rover/rover.egg-info/SOURCES.txt'
writing manifest file '../../build/rover/rover.egg-info/SOURCES.txt'
running build
running build_py
creating /home/cc/pg-ros/6_ROS2_Robotics/ws/build/rover/build
creating /home/cc/pg-ros/6_ROS2_Robotics/ws/build/rover/build/lib
creating /home/cc/pg-ros/6_ROS2_Robotics/ws/build/rover/build/lib/rover
copying rover/__init__.py -> /home/cc/pg-ros/6_ROS2_Robotics/ws/build/rover/build/lib/rover
copying rover/obstacle_avoiding.py -> /home/cc/pg-ros/6_ROS2_Robotics/ws/build/rover/build/lib/rover
copying rover/follow_wall.py -> /home/cc/pg-ros/6_ROS2_Robotics/ws/build/rover/build/lib/rover
running install
running install_lib
creating /home/cc/pg-ros/6_ROS2_Robotics/ws/install/rover/lib/python3.8/site-packages/rover
copying /home/cc/pg-ros/6_ROS2_Robotics/ws/build/rover/build/lib/rover/__init__.py -> /home/cc/pg-ros/6_ROS2_Robotics/ws/install/rover/lib/python3.8/site-packages/rover
copying /home/cc/pg-ros/6_ROS2_Robotics/ws/build/rover/build/lib/rover/obstacle_avoiding.py -> /home/cc/pg-ros/6_ROS2_Robotics/ws/install/rover/lib/python3.8/site-packages/rover
copying /home/cc/pg-ros/6_ROS2_Robotics/ws/build/rover/build/lib/rover/follow_wall.py -> /home/cc/pg-ros/6_ROS2_Robotics/ws/install/rover/lib/python3.8/site-packages/rover
byte-compiling /home/cc/pg-ros/6_ROS2_Robotics/ws/install/rover/lib/python3.8/site-packages/rover/__init__.py to __init__.cpython-38.pyc
byte-compiling /home/cc/pg-ros/6_ROS2_Robotics/ws/install/rover/lib/python3.8/site-packages/rover/obstacle_avoiding.py to obstacle_avoiding.cpython-38.pyc
byte-compiling /home/cc/pg-ros/6_ROS2_Robotics/ws/install/rover/lib/python3.8/site-packages/rover/follow_wall.py to follow_wall.cpython-38.pyc
running install_data
creating /home/cc/pg-ros/6_ROS2_Robotics/ws/install/rover/share/ament_index
creating /home/cc/pg-ros/6_ROS2_Robotics/ws/install/rover/share/ament_index/resource_index
creating /home/cc/pg-ros/6_ROS2_Robotics/ws/install/rover/share/ament_index/resource_index/packages
copying resource/rover -> /home/cc/pg-ros/6_ROS2_Robotics/ws/install/rover/share/ament_index/resource_index/packages
copying package.xml -> /home/cc/pg-ros/6_ROS2_Robotics/ws/install/rover/share/rover
copying launch/gazebo_launch.py -> /home/cc/pg-ros/6_ROS2_Robotics/ws/install/rover/share/rover
copying launch/rviz_launch.py -> /home/cc/pg-ros/6_ROS2_Robotics/ws/install/rover/share/rover
copying urdf/rover.urdf -> /home/cc/pg-ros/6_ROS2_Robotics/ws/install/rover/share/rover
copying urdf/config.rviz -> /home/cc/pg-ros/6_ROS2_Robotics/ws/install/rover/share/rover
creating /home/cc/pg-ros/6_ROS2_Robotics/ws/install/rover/lib/rover
running install_egg_info
Copying ../../build/rover/rover.egg-info to /home/cc/pg-ros/6_ROS2_Robotics/ws/install/rover/lib/python3.8/site-packages/rover-0.0.0-py3.8.egg-info
running install_scripts
writing list of installed files to '/home/cc/pg-ros/6_ROS2_Robotics/ws/build/rover/install.log'
